Analysis & Synthesis report for usb_seg_top
Fri Oct 09 00:53:24 2020
Quartus Prime Version 18.1.0 Build 625 09/12/2018 SJ Lite Edition


---------------------
; Table of Contents ;
---------------------
  1. Legal Notice
  2. Analysis & Synthesis Summary
  3. Analysis & Synthesis Settings
  4. Parallel Compilation
  5. Analysis & Synthesis Source Files Read
  6. Analysis & Synthesis Resource Usage Summary
  7. Analysis & Synthesis Resource Utilization by Entity
  8. State Machine - |usb_seg_top|uart_control:uart_control_u|Binary_to_BCD:comb_3|r_SM_Main
  9. Registers Removed During Synthesis
 10. General Register Statistics
 11. Inverted Register Statistics
 12. Multiplexer Restructuring Statistics (Restructuring Performed)
 13. Parameter Settings for User Entity Instance: uart_rx_path:uart_rx_path_u
 14. Parameter Settings for User Entity Instance: uart_tx_path:uart_tx_path_u
 15. Parameter Settings for User Entity Instance: uart_control:uart_control_u|Binary_to_BCD:comb_3
 16. Parameter Settings for User Entity Instance: smg_interface:smg_interface_u|smg_control_module:U1
 17. Parameter Settings for User Entity Instance: smg_interface:smg_interface_u|smg_encode_module:U2
 18. Parameter Settings for User Entity Instance: smg_interface:smg_interface_u|smg_scan_module:U3
 19. Port Connectivity Checks: "uart_control:uart_control_u"
 20. Port Connectivity Checks: "uart_rx_path:uart_rx_path_u"
 21. Post-Synthesis Netlist Statistics for Top Partition
 22. Elapsed Time Per Partition
 23. Analysis & Synthesis Messages
 24. Analysis & Synthesis Suppressed Messages



----------------
; Legal Notice ;
----------------
Copyright (C) 2018  Intel Corporation. All rights reserved.
Your use of Intel Corporation's design tools, logic functions 
and other software and tools, and its AMPP partner logic 
functions, and any output files from any of the foregoing 
(including device programming or simulation files), and any 
associated documentation or information are expressly subject 
to the terms and conditions of the Intel Program License 
Subscription Agreement, the Intel Quartus Prime License Agreement,
the Intel FPGA IP License Agreement, or other applicable license
agreement, including, without limitation, that your use is for
the sole purpose of programming logic devices manufactured by
Intel and sold by Intel or its authorized distributors.  Please
refer to the applicable agreement for further details.



+----------------------------------------------------------------------------------+
; Analysis & Synthesis Summary                                                     ;
+------------------------------------+---------------------------------------------+
; Analysis & Synthesis Status        ; Successful - Fri Oct 09 00:53:24 2020       ;
; Quartus Prime Version              ; 18.1.0 Build 625 09/12/2018 SJ Lite Edition ;
; Revision Name                      ; usb_seg_top                                 ;
; Top-level Entity Name              ; usb_seg_top                                 ;
; Family                             ; Cyclone 10 LP                               ;
; Total logic elements               ; 240                                         ;
;     Total combinational functions  ; 225                                         ;
;     Dedicated logic registers      ; 139                                         ;
; Total registers                    ; 139                                         ;
; Total pins                         ; 15                                          ;
; Total virtual pins                 ; 0                                           ;
; Total memory bits                  ; 0                                           ;
; Embedded Multiplier 9-bit elements ; 0                                           ;
; Total PLLs                         ; 0                                           ;
+------------------------------------+---------------------------------------------+


+------------------------------------------------------------------------------------------------------------+
; Analysis & Synthesis Settings                                                                              ;
+------------------------------------------------------------------+--------------------+--------------------+
; Option                                                           ; Setting            ; Default Value      ;
+------------------------------------------------------------------+--------------------+--------------------+
; Device                                                           ; 10CL016YU484C8G    ;                    ;
; Top-level entity name                                            ; usb_seg_top        ; usb_seg_top        ;
; Family name                                                      ; Cyclone 10 LP      ; Cyclone V          ;
; Use smart compilation                                            ; Off                ; Off                ;
; Enable parallel Assembler and Timing Analyzer during compilation ; On                 ; On                 ;
; Enable compact report table                                      ; Off                ; Off                ;
; Restructure Multiplexers                                         ; Auto               ; Auto               ;
; Create Debugging Nodes for IP Cores                              ; Off                ; Off                ;
; Preserve fewer node names                                        ; On                 ; On                 ;
; Intel FPGA IP Evaluation Mode                                    ; Enable             ; Enable             ;
; Verilog Version                                                  ; Verilog_2001       ; Verilog_2001       ;
; VHDL Version                                                     ; VHDL_1993          ; VHDL_1993          ;
; State Machine Processing                                         ; Auto               ; Auto               ;
; Safe State Machine                                               ; Off                ; Off                ;
; Extract Verilog State Machines                                   ; On                 ; On                 ;
; Extract VHDL State Machines                                      ; On                 ; On                 ;
; Ignore Verilog initial constructs                                ; Off                ; Off                ;
; Iteration limit for constant Verilog loops                       ; 5000               ; 5000               ;
; Iteration limit for non-constant Verilog loops                   ; 250                ; 250                ;
; Add Pass-Through Logic to Inferred RAMs                          ; On                 ; On                 ;
; Infer RAMs from Raw Logic                                        ; On                 ; On                 ;
; Parallel Synthesis                                               ; On                 ; On                 ;
; DSP Block Balancing                                              ; Auto               ; Auto               ;
; NOT Gate Push-Back                                               ; On                 ; On                 ;
; Power-Up Don't Care                                              ; On                 ; On                 ;
; Remove Redundant Logic Cells                                     ; Off                ; Off                ;
; Remove Duplicate Registers                                       ; On                 ; On                 ;
; Ignore CARRY Buffers                                             ; Off                ; Off                ;
; Ignore CASCADE Buffers                                           ; Off                ; Off                ;
; Ignore GLOBAL Buffers                                            ; Off                ; Off                ;
; Ignore ROW GLOBAL Buffers                                        ; Off                ; Off                ;
; Ignore LCELL Buffers                                             ; Off                ; Off                ;
; Ignore SOFT Buffers                                              ; On                 ; On                 ;
; Limit AHDL Integers to 32 Bits                                   ; Off                ; Off                ;
; Optimization Technique                                           ; Balanced           ; Balanced           ;
; Carry Chain Length                                               ; 70                 ; 70                 ;
; Auto Carry Chains                                                ; On                 ; On                 ;
; Auto Open-Drain Pins                                             ; On                 ; On                 ;
; Perform WYSIWYG Primitive Resynthesis                            ; Off                ; Off                ;
; Auto ROM Replacement                                             ; On                 ; On                 ;
; Auto RAM Replacement                                             ; On                 ; On                 ;
; Auto DSP Block Replacement                                       ; On                 ; On                 ;
; Auto Shift Register Replacement                                  ; Auto               ; Auto               ;
; Allow Shift Register Merging across Hierarchies                  ; Auto               ; Auto               ;
; Auto Clock Enable Replacement                                    ; On                 ; On                 ;
; Strict RAM Replacement                                           ; Off                ; Off                ;
; Allow Synchronous Control Signals                                ; On                 ; On                 ;
; Force Use of Synchronous Clear Signals                           ; Off                ; Off                ;
; Auto RAM Block Balancing                                         ; On                 ; On                 ;
; Auto RAM to Logic Cell Conversion                                ; Off                ; Off                ;
; Auto Resource Sharing                                            ; Off                ; Off                ;
; Allow Any RAM Size For Recognition                               ; Off                ; Off                ;
; Allow Any ROM Size For Recognition                               ; Off                ; Off                ;
; Allow Any Shift Register Size For Recognition                    ; Off                ; Off                ;
; Use LogicLock Constraints during Resource Balancing              ; On                 ; On                 ;
; Ignore translate_off and synthesis_off directives                ; Off                ; Off                ;
; Timing-Driven Synthesis                                          ; On                 ; On                 ;
; Report Parameter Settings                                        ; On                 ; On                 ;
; Report Source Assignments                                        ; On                 ; On                 ;
; Report Connectivity Checks                                       ; On                 ; On                 ;
; Ignore Maximum Fan-Out Assignments                               ; Off                ; Off                ;
; Synchronization Register Chain Length                            ; 2                  ; 2                  ;
; Power Optimization During Synthesis                              ; Normal compilation ; Normal compilation ;
; HDL message level                                                ; Level2             ; Level2             ;
; Suppress Register Optimization Related Messages                  ; Off                ; Off                ;
; Number of Removed Registers Reported in Synthesis Report         ; 5000               ; 5000               ;
; Number of Swept Nodes Reported in Synthesis Report               ; 5000               ; 5000               ;
; Number of Inverted Registers Reported in Synthesis Report        ; 100                ; 100                ;
; Clock MUX Protection                                             ; On                 ; On                 ;
; Auto Gated Clock Conversion                                      ; Off                ; Off                ;
; Block Design Naming                                              ; Auto               ; Auto               ;
; SDC constraint protection                                        ; Off                ; Off                ;
; Synthesis Effort                                                 ; Auto               ; Auto               ;
; Shift Register Replacement - Allow Asynchronous Clear Signal     ; On                 ; On                 ;
; Pre-Mapping Resynthesis Optimization                             ; Off                ; Off                ;
; Analysis & Synthesis Message Level                               ; Medium             ; Medium             ;
; Disable Register Merging Across Hierarchies                      ; Auto               ; Auto               ;
; Resource Aware Inference For Block RAM                           ; On                 ; On                 ;
+------------------------------------------------------------------+--------------------+--------------------+


+------------------------------------------+
; Parallel Compilation                     ;
+----------------------------+-------------+
; Processors                 ; Number      ;
+----------------------------+-------------+
; Number detected on machine ; 12          ;
; Maximum allowed            ; 6           ;
;                            ;             ;
; Average used               ; 1.00        ;
; Maximum used               ; 6           ;
;                            ;             ;
; Usage by Processor         ; % Time Used ;
;     Processor 1            ; 100.0%      ;
;     Processors 2-6         ;   0.1%      ;
+----------------------------+-------------+


+------------------------------------------------------------------------------------------------------------------------------------------------------------------------------------------------------------------+
; Analysis & Synthesis Source Files Read                                                                                                                                                                           ;
+----------------------------------+-----------------+------------------------+--------------------------------------------------------------------------------------------------------------------------+---------+
; File Name with User-Entered Path ; Used in Netlist ; File Type              ; File Name with Absolute Path                                                                                             ; Library ;
+----------------------------------+-----------------+------------------------+--------------------------------------------------------------------------------------------------------------------------+---------+
; src/usb_seg_top.v                ; yes             ; User Verilog HDL File  ; D:/Lab-Instrumentation/QMTECH_CYCLONE_10_STARTER_KIT_V01_20190717/Software/cyclone10-usb-seg-01/src/usb_seg_top.v        ;         ;
; src/smg_interface.v              ; yes             ; User Verilog HDL File  ; D:/Lab-Instrumentation/QMTECH_CYCLONE_10_STARTER_KIT_V01_20190717/Software/cyclone10-usb-seg-01/src/smg_interface.v      ;         ;
; src/smg_control_module.v         ; yes             ; User Verilog HDL File  ; D:/Lab-Instrumentation/QMTECH_CYCLONE_10_STARTER_KIT_V01_20190717/Software/cyclone10-usb-seg-01/src/smg_control_module.v ;         ;
; src/smg_scan_module.v            ; yes             ; User Verilog HDL File  ; D:/Lab-Instrumentation/QMTECH_CYCLONE_10_STARTER_KIT_V01_20190717/Software/cyclone10-usb-seg-01/src/smg_scan_module.v    ;         ;
; src/smg_encode_module.v          ; yes             ; User Verilog HDL File  ; D:/Lab-Instrumentation/QMTECH_CYCLONE_10_STARTER_KIT_V01_20190717/Software/cyclone10-usb-seg-01/src/smg_encode_module.v  ;         ;
; src/uart_control.v               ; yes             ; User Verilog HDL File  ; D:/Lab-Instrumentation/QMTECH_CYCLONE_10_STARTER_KIT_V01_20190717/Software/cyclone10-usb-seg-01/src/uart_control.v       ;         ;
; src/Binary_to_BCD.v              ; yes             ; User Verilog HDL File  ; D:/Lab-Instrumentation/QMTECH_CYCLONE_10_STARTER_KIT_V01_20190717/Software/cyclone10-usb-seg-01/src/Binary_to_BCD.v      ;         ;
; src/uart_rx_path.v               ; yes             ; User Verilog HDL File  ; D:/Lab-Instrumentation/QMTECH_CYCLONE_10_STARTER_KIT_V01_20190717/Software/cyclone10-usb-seg-01/src/uart_rx_path.v       ;         ;
; src/uart_tx_path.v               ; yes             ; User Verilog HDL File  ; D:/Lab-Instrumentation/QMTECH_CYCLONE_10_STARTER_KIT_V01_20190717/Software/cyclone10-usb-seg-01/src/uart_tx_path.v       ;         ;
+----------------------------------+-----------------+------------------------+--------------------------------------------------------------------------------------------------------------------------+---------+


+-------------------------------------------------------------+
; Analysis & Synthesis Resource Usage Summary                 ;
+---------------------------------------------+---------------+
; Resource                                    ; Usage         ;
+---------------------------------------------+---------------+
; Estimated Total logic elements              ; 240           ;
;                                             ;               ;
; Total combinational functions               ; 225           ;
; Logic element usage by number of LUT inputs ;               ;
;     -- 4 input functions                    ; 98            ;
;     -- 3 input functions                    ; 54            ;
;     -- <=2 input functions                  ; 73            ;
;                                             ;               ;
; Logic elements by mode                      ;               ;
;     -- normal mode                          ; 179           ;
;     -- arithmetic mode                      ; 46            ;
;                                             ;               ;
; Total registers                             ; 139           ;
;     -- Dedicated logic registers            ; 139           ;
;     -- I/O registers                        ; 0             ;
;                                             ;               ;
; I/O pins                                    ; 15            ;
;                                             ;               ;
; Embedded Multiplier 9-bit elements          ; 0             ;
;                                             ;               ;
; Maximum fan-out node                        ; clk_sys~input ;
; Maximum fan-out                             ; 139           ;
; Total fan-out                               ; 1132          ;
; Average fan-out                             ; 2.87          ;
+---------------------------------------------+---------------+


+----------------------------------------------------------------------------------------------------------------------------------------------------------------------------------------------------------------------------------------------------------------------+
; Analysis & Synthesis Resource Utilization by Entity                                                                                                                                                                                                                  ;
+------------------------------------+---------------------+---------------------------+-------------+--------------+---------+-----------+------+--------------+------------------------------------------------------------------+--------------------+--------------+
; Compilation Hierarchy Node         ; Combinational ALUTs ; Dedicated Logic Registers ; Memory Bits ; DSP Elements ; DSP 9x9 ; DSP 18x18 ; Pins ; Virtual Pins ; Full Hierarchy Name                                              ; Entity Name        ; Library Name ;
+------------------------------------+---------------------+---------------------------+-------------+--------------+---------+-----------+------+--------------+------------------------------------------------------------------+--------------------+--------------+
; |usb_seg_top                       ; 225 (0)             ; 139 (0)                   ; 0           ; 0            ; 0       ; 0         ; 15   ; 0            ; |usb_seg_top                                                     ; usb_seg_top        ; work         ;
;    |smg_interface:smg_interface_u| ; 46 (0)              ; 32 (0)                    ; 0           ; 0            ; 0       ; 0         ; 0    ; 0            ; |usb_seg_top|smg_interface:smg_interface_u                       ; smg_interface      ; work         ;
;       |smg_control_module:U1|      ; 29 (29)             ; 22 (22)                   ; 0           ; 0            ; 0       ; 0         ; 0    ; 0            ; |usb_seg_top|smg_interface:smg_interface_u|smg_control_module:U1 ; smg_control_module ; work         ;
;       |smg_encode_module:U2|       ; 8 (8)               ; 7 (7)                     ; 0           ; 0            ; 0       ; 0         ; 0    ; 0            ; |usb_seg_top|smg_interface:smg_interface_u|smg_encode_module:U2  ; smg_encode_module  ; work         ;
;       |smg_scan_module:U3|         ; 9 (9)               ; 3 (3)                     ; 0           ; 0            ; 0       ; 0         ; 0    ; 0            ; |usb_seg_top|smg_interface:smg_interface_u|smg_scan_module:U3    ; smg_scan_module    ; work         ;
;    |uart_control:uart_control_u|   ; 77 (0)              ; 37 (0)                    ; 0           ; 0            ; 0       ; 0         ; 0    ; 0            ; |usb_seg_top|uart_control:uart_control_u                         ; uart_control       ; work         ;
;       |Binary_to_BCD:comb_3|       ; 77 (77)             ; 37 (37)                   ; 0           ; 0            ; 0       ; 0         ; 0    ; 0            ; |usb_seg_top|uart_control:uart_control_u|Binary_to_BCD:comb_3    ; Binary_to_BCD      ; work         ;
;    |uart_rx_path:uart_rx_path_u|   ; 52 (52)             ; 41 (41)                   ; 0           ; 0            ; 0       ; 0         ; 0    ; 0            ; |usb_seg_top|uart_rx_path:uart_rx_path_u                         ; uart_rx_path       ; work         ;
;    |uart_tx_path:uart_tx_path_u|   ; 50 (50)             ; 29 (29)                   ; 0           ; 0            ; 0       ; 0         ; 0    ; 0            ; |usb_seg_top|uart_tx_path:uart_tx_path_u                         ; uart_tx_path       ; work         ;
+------------------------------------+---------------------+---------------------------+-------------+--------------+---------+-----------+------+--------------+------------------------------------------------------------------+--------------------+--------------+
Note: For table entries with two numbers listed, the numbers in parentheses indicate the number of resources of the given type used by the specific entity alone. The numbers listed outside of parentheses indicate the total resources of the given type used by the specific entity and all of its sub-entities in the hierarchy.


Encoding Type:  One-Hot
+-------------------------------------------------------------------------------------------------------------------------------------------------------------------------------+
; State Machine - |usb_seg_top|uart_control:uart_control_u|Binary_to_BCD:comb_3|r_SM_Main                                                                                       ;
+-------------------------------+----------------------+-------------------------------+-----------------+-------------------------------+-------------------+------------------+
; Name                          ; r_SM_Main.s_BCD_DONE ; r_SM_Main.s_CHECK_DIGIT_INDEX ; r_SM_Main.s_ADD ; r_SM_Main.s_CHECK_SHIFT_INDEX ; r_SM_Main.s_SHIFT ; r_SM_Main.s_IDLE ;
+-------------------------------+----------------------+-------------------------------+-----------------+-------------------------------+-------------------+------------------+
; r_SM_Main.s_IDLE              ; 0                    ; 0                             ; 0               ; 0                             ; 0                 ; 0                ;
; r_SM_Main.s_SHIFT             ; 0                    ; 0                             ; 0               ; 0                             ; 1                 ; 1                ;
; r_SM_Main.s_CHECK_SHIFT_INDEX ; 0                    ; 0                             ; 0               ; 1                             ; 0                 ; 1                ;
; r_SM_Main.s_ADD               ; 0                    ; 0                             ; 1               ; 0                             ; 0                 ; 1                ;
; r_SM_Main.s_CHECK_DIGIT_INDEX ; 0                    ; 1                             ; 0               ; 0                             ; 0                 ; 1                ;
; r_SM_Main.s_BCD_DONE          ; 1                    ; 0                             ; 0               ; 0                             ; 0                 ; 1                ;
+-------------------------------+----------------------+-------------------------------+-----------------+-------------------------------+-------------------+------------------+


+---------------------------------------------------------------------------------------------------------------------------------------+
; Registers Removed During Synthesis                                                                                                    ;
+--------------------------------------------------------------+------------------------------------------------------------------------+
; Register name                                                ; Reason for Removal                                                     ;
+--------------------------------------------------------------+------------------------------------------------------------------------+
; smg_interface:smg_interface_u|smg_encode_module:U2|rSMG[7]   ; Stuck at VCC due to stuck port data_in                                 ;
; uart_rx_path:uart_rx_path_u|state                            ; Merged with uart_rx_path:uart_rx_path_u|bps_start                      ;
; smg_interface:smg_interface_u|smg_scan_module:U3|C1[15]      ; Merged with smg_interface:smg_interface_u|smg_control_module:U1|C1[15] ;
; smg_interface:smg_interface_u|smg_scan_module:U3|C1[14]      ; Merged with smg_interface:smg_interface_u|smg_control_module:U1|C1[14] ;
; smg_interface:smg_interface_u|smg_scan_module:U3|C1[9]       ; Merged with smg_interface:smg_interface_u|smg_control_module:U1|C1[9]  ;
; smg_interface:smg_interface_u|smg_scan_module:U3|C1[8]       ; Merged with smg_interface:smg_interface_u|smg_control_module:U1|C1[8]  ;
; smg_interface:smg_interface_u|smg_scan_module:U3|C1[6]       ; Merged with smg_interface:smg_interface_u|smg_control_module:U1|C1[6]  ;
; smg_interface:smg_interface_u|smg_scan_module:U3|C1[3]       ; Merged with smg_interface:smg_interface_u|smg_control_module:U1|C1[3]  ;
; smg_interface:smg_interface_u|smg_scan_module:U3|C1[2]       ; Merged with smg_interface:smg_interface_u|smg_control_module:U1|C1[2]  ;
; smg_interface:smg_interface_u|smg_scan_module:U3|C1[1]       ; Merged with smg_interface:smg_interface_u|smg_control_module:U1|C1[1]  ;
; smg_interface:smg_interface_u|smg_scan_module:U3|C1[0]       ; Merged with smg_interface:smg_interface_u|smg_control_module:U1|C1[0]  ;
; smg_interface:smg_interface_u|smg_scan_module:U3|C1[13]      ; Merged with smg_interface:smg_interface_u|smg_control_module:U1|C1[13] ;
; smg_interface:smg_interface_u|smg_scan_module:U3|C1[12]      ; Merged with smg_interface:smg_interface_u|smg_control_module:U1|C1[12] ;
; smg_interface:smg_interface_u|smg_scan_module:U3|C1[11]      ; Merged with smg_interface:smg_interface_u|smg_control_module:U1|C1[11] ;
; smg_interface:smg_interface_u|smg_scan_module:U3|C1[10]      ; Merged with smg_interface:smg_interface_u|smg_control_module:U1|C1[10] ;
; smg_interface:smg_interface_u|smg_scan_module:U3|C1[7]       ; Merged with smg_interface:smg_interface_u|smg_control_module:U1|C1[7]  ;
; smg_interface:smg_interface_u|smg_scan_module:U3|C1[5]       ; Merged with smg_interface:smg_interface_u|smg_control_module:U1|C1[5]  ;
; smg_interface:smg_interface_u|smg_scan_module:U3|C1[4]       ; Merged with smg_interface:smg_interface_u|smg_control_module:U1|C1[4]  ;
; smg_interface:smg_interface_u|smg_control_module:U1|i[3]     ; Merged with smg_interface:smg_interface_u|smg_control_module:U1|i[2]   ;
; smg_interface:smg_interface_u|smg_scan_module:U3|i[2,3]      ; Merged with smg_interface:smg_interface_u|smg_control_module:U1|i[2]   ;
; smg_interface:smg_interface_u|smg_scan_module:U3|i[1]        ; Merged with smg_interface:smg_interface_u|smg_control_module:U1|i[1]   ;
; smg_interface:smg_interface_u|smg_scan_module:U3|i[0]        ; Merged with smg_interface:smg_interface_u|smg_control_module:U1|i[0]   ;
; uart_tx_path:uart_tx_path_u|send_data[9]                     ; Stuck at VCC due to stuck port data_in                                 ;
; uart_control:uart_control_u|Binary_to_BCD:comb_3|r_SM_Main~2 ; Lost fanout                                                            ;
; uart_control:uart_control_u|Binary_to_BCD:comb_3|r_SM_Main~3 ; Lost fanout                                                            ;
; uart_control:uart_control_u|Binary_to_BCD:comb_3|r_SM_Main~4 ; Lost fanout                                                            ;
; smg_interface:smg_interface_u|smg_control_module:U1|i[2]     ; Stuck at GND due to stuck port data_in                                 ;
; Total Number of Removed Registers = 28                       ;                                                                        ;
+--------------------------------------------------------------+------------------------------------------------------------------------+


+------------------------------------------------------+
; General Register Statistics                          ;
+----------------------------------------------+-------+
; Statistic                                    ; Value ;
+----------------------------------------------+-------+
; Total registers                              ; 139   ;
; Number of registers using Synchronous Clear  ; 29    ;
; Number of registers using Synchronous Load   ; 5     ;
; Number of registers using Asynchronous Clear ; 32    ;
; Number of registers using Asynchronous Load  ; 0     ;
; Number of registers using Clock Enable       ; 63    ;
; Number of registers using Preset             ; 0     ;
+----------------------------------------------+-------+


+----------------------------------------------------------------------+
; Inverted Register Statistics                                         ;
+------------------------------------------------------------+---------+
; Inverted Register                                          ; Fan out ;
+------------------------------------------------------------+---------+
; uart_tx_path:uart_tx_path_u|uart_tx_o_r                    ; 2       ;
; smg_interface:smg_interface_u|smg_encode_module:U2|rSMG[0] ; 1       ;
; smg_interface:smg_interface_u|smg_encode_module:U2|rSMG[1] ; 1       ;
; smg_interface:smg_interface_u|smg_encode_module:U2|rSMG[2] ; 1       ;
; smg_interface:smg_interface_u|smg_encode_module:U2|rSMG[3] ; 1       ;
; smg_interface:smg_interface_u|smg_encode_module:U2|rSMG[4] ; 1       ;
; smg_interface:smg_interface_u|smg_encode_module:U2|rSMG[5] ; 1       ;
; smg_interface:smg_interface_u|smg_encode_module:U2|rSMG[6] ; 1       ;
; uart_tx_path:uart_tx_path_u|send_data[8]                   ; 1       ;
; uart_tx_path:uart_tx_path_u|send_data[2]                   ; 1       ;
; uart_tx_path:uart_tx_path_u|send_data[1]                   ; 1       ;
; uart_tx_path:uart_tx_path_u|send_data[0]                   ; 1       ;
; uart_tx_path:uart_tx_path_u|send_data[3]                   ; 1       ;
; uart_tx_path:uart_tx_path_u|send_data[6]                   ; 1       ;
; uart_tx_path:uart_tx_path_u|send_data[5]                   ; 1       ;
; uart_tx_path:uart_tx_path_u|send_data[4]                   ; 1       ;
; uart_tx_path:uart_tx_path_u|send_data[7]                   ; 1       ;
; uart_rx_path:uart_rx_path_u|uart_rx_i_r[0]                 ; 2       ;
; uart_rx_path:uart_rx_path_u|uart_rx_i_r[1]                 ; 2       ;
; uart_rx_path:uart_rx_path_u|uart_rx_i_r[2]                 ; 2       ;
; uart_rx_path:uart_rx_path_u|uart_rx_i_r[3]                 ; 2       ;
; uart_rx_path:uart_rx_path_u|uart_rx_i_r[4]                 ; 1       ;
; Total number of inverted registers = 22                    ;         ;
+------------------------------------------------------------+---------+


+-------------------------------------------------------------------------------------------------------------------------------------------------------------------------------------------+
; Multiplexer Restructuring Statistics (Restructuring Performed)                                                                                                                            ;
+--------------------+-----------+---------------+----------------------+------------------------+------------+-----------------------------------------------------------------------------+
; Multiplexer Inputs ; Bus Width ; Baseline Area ; Area if Restructured ; Saving if Restructured ; Registered ; Example Multiplexer Output                                                  ;
+--------------------+-----------+---------------+----------------------+------------------------+------------+-----------------------------------------------------------------------------+
; 3:1                ; 4 bits    ; 8 LEs         ; 4 LEs                ; 4 LEs                  ; Yes        ; |usb_seg_top|uart_rx_path:uart_rx_path_u|bit_num[2]                         ;
; 4:1                ; 4 bits    ; 8 LEs         ; 4 LEs                ; 4 LEs                  ; Yes        ; |usb_seg_top|uart_tx_path:uart_tx_path_u|bit_num[1]                         ;
; 4:1                ; 7 bits    ; 14 LEs        ; 7 LEs                ; 7 LEs                  ; Yes        ; |usb_seg_top|uart_control:uart_control_u|Binary_to_BCD:comb_3|r_Binary[1]   ;
; 11:1               ; 4 bits    ; 28 LEs        ; 8 LEs                ; 20 LEs                 ; Yes        ; |usb_seg_top|smg_interface:smg_interface_u|smg_control_module:U1|rNumber[0] ;
; 8:1                ; 3 bits    ; 15 LEs        ; 6 LEs                ; 9 LEs                  ; Yes        ; |usb_seg_top|uart_control:uart_control_u|Binary_to_BCD:comb_3|r_BCD[6]      ;
; 8:1                ; 3 bits    ; 15 LEs        ; 6 LEs                ; 9 LEs                  ; Yes        ; |usb_seg_top|uart_control:uart_control_u|Binary_to_BCD:comb_3|r_BCD[9]      ;
; 8:1                ; 3 bits    ; 15 LEs        ; 6 LEs                ; 9 LEs                  ; Yes        ; |usb_seg_top|uart_control:uart_control_u|Binary_to_BCD:comb_3|r_BCD[3]      ;
; 3:1                ; 2 bits    ; 4 LEs         ; 2 LEs                ; 2 LEs                  ; Yes        ; |usb_seg_top|uart_tx_path:uart_tx_path_u|send_data[9]                       ;
; 3:1                ; 8 bits    ; 16 LEs        ; 8 LEs                ; 8 LEs                  ; Yes        ; |usb_seg_top|uart_tx_path:uart_tx_path_u|send_data[1]                       ;
; 16:1               ; 7 bits    ; 70 LEs        ; 42 LEs               ; 28 LEs                 ; Yes        ; |usb_seg_top|smg_interface:smg_interface_u|smg_encode_module:U2|rSMG[0]     ;
; 4:1                ; 4 bits    ; 8 LEs         ; 8 LEs                ; 0 LEs                  ; No         ; |usb_seg_top|uart_control:uart_control_u|Binary_to_BCD:comb_3|Mux3          ;
+--------------------+-----------+---------------+----------------------+------------------------+------------+-----------------------------------------------------------------------------+


+--------------------------------------------------------------------------+
; Parameter Settings for User Entity Instance: uart_rx_path:uart_rx_path_u ;
+----------------+---------------+-----------------------------------------+
; Parameter Name ; Value         ; Type                                    ;
+----------------+---------------+-----------------------------------------+
; BAUD_DIV       ; 1010001011000 ; Unsigned Binary                         ;
; BAUD_DIV_CAP   ; 0101000101100 ; Unsigned Binary                         ;
+----------------+---------------+-----------------------------------------+
Note: In order to hide this table in the UI and the text report file, please set the "Show Parameter Settings in Synthesis Report" option in "Analysis and Synthesis Settings -> More Settings" to "Off".


+--------------------------------------------------------------------------+
; Parameter Settings for User Entity Instance: uart_tx_path:uart_tx_path_u ;
+----------------+---------------+-----------------------------------------+
; Parameter Name ; Value         ; Type                                    ;
+----------------+---------------+-----------------------------------------+
; BAUD_DIV       ; 1010001011000 ; Unsigned Binary                         ;
; BAUD_DIV_CAP   ; 0101000101100 ; Unsigned Binary                         ;
+----------------+---------------+-----------------------------------------+
Note: In order to hide this table in the UI and the text report file, please set the "Show Parameter Settings in Synthesis Report" option in "Analysis and Synthesis Settings -> More Settings" to "Off".


+-----------------------------------------------------------------------------------------------+
; Parameter Settings for User Entity Instance: uart_control:uart_control_u|Binary_to_BCD:comb_3 ;
+----------------+-------+----------------------------------------------------------------------+
; Parameter Name ; Value ; Type                                                                 ;
+----------------+-------+----------------------------------------------------------------------+
; INPUT_WIDTH    ; 8     ; Signed Integer                                                       ;
; DECIMAL_DIGITS ; 3     ; Signed Integer                                                       ;
+----------------+-------+----------------------------------------------------------------------+
Note: In order to hide this table in the UI and the text report file, please set the "Show Parameter Settings in Synthesis Report" option in "Analysis and Synthesis Settings -> More Settings" to "Off".


+--------------------------------------------------------------------------------------------------+
; Parameter Settings for User Entity Instance: smg_interface:smg_interface_u|smg_control_module:U1 ;
+----------------+------------------+--------------------------------------------------------------+
; Parameter Name ; Value            ; Type                                                         ;
+----------------+------------------+--------------------------------------------------------------+
; T1MS           ; 1100001101001111 ; Unsigned Binary                                              ;
+----------------+------------------+--------------------------------------------------------------+
Note: In order to hide this table in the UI and the text report file, please set the "Show Parameter Settings in Synthesis Report" option in "Analysis and Synthesis Settings -> More Settings" to "Off".


+-------------------------------------------------------------------------------------------------+
; Parameter Settings for User Entity Instance: smg_interface:smg_interface_u|smg_encode_module:U2 ;
+----------------+----------+---------------------------------------------------------------------+
; Parameter Name ; Value    ; Type                                                                ;
+----------------+----------+---------------------------------------------------------------------+
; _0             ; 11000000 ; Unsigned Binary                                                     ;
; _1             ; 11111001 ; Unsigned Binary                                                     ;
; _2             ; 10100100 ; Unsigned Binary                                                     ;
; _3             ; 10110000 ; Unsigned Binary                                                     ;
; _4             ; 10011001 ; Unsigned Binary                                                     ;
; _5             ; 10010010 ; Unsigned Binary                                                     ;
; _6             ; 10000010 ; Unsigned Binary                                                     ;
; _7             ; 11111000 ; Unsigned Binary                                                     ;
; _8             ; 10000000 ; Unsigned Binary                                                     ;
; _9             ; 10010000 ; Unsigned Binary                                                     ;
+----------------+----------+---------------------------------------------------------------------+
Note: In order to hide this table in the UI and the text report file, please set the "Show Parameter Settings in Synthesis Report" option in "Analysis and Synthesis Settings -> More Settings" to "Off".


+-----------------------------------------------------------------------------------------------+
; Parameter Settings for User Entity Instance: smg_interface:smg_interface_u|smg_scan_module:U3 ;
+----------------+------------------+-----------------------------------------------------------+
; Parameter Name ; Value            ; Type                                                      ;
+----------------+------------------+-----------------------------------------------------------+
; T1MS           ; 1100001101001111 ; Unsigned Binary                                           ;
+----------------+------------------+-----------------------------------------------------------+
Note: In order to hide this table in the UI and the text report file, please set the "Show Parameter Settings in Synthesis Report" option in "Analysis and Synthesis Settings -> More Settings" to "Off".


+-----------------------------------------------------------------------------------------------------------------------------+
; Port Connectivity Checks: "uart_control:uart_control_u"                                                                     ;
+-------------------+--------+----------+-------------------------------------------------------------------------------------+
; Port              ; Type   ; Severity ; Details                                                                             ;
+-------------------+--------+----------+-------------------------------------------------------------------------------------+
; uart_control_done ; Output ; Info     ; Connected to dangling logic. Logic that only feeds a dangling port will be removed. ;
+-------------------+--------+----------+-------------------------------------------------------------------------------------+


+--------------------------------------------------------------------------------------------------------------------------------------------+
; Port Connectivity Checks: "uart_rx_path:uart_rx_path_u"                                                                                    ;
+-------------+--------+----------+----------------------------------------------------------------------------------------------------------+
; Port        ; Type   ; Severity ; Details                                                                                                  ;
+-------------+--------+----------+----------------------------------------------------------------------------------------------------------+
; baud_bps_tb ; Output ; Warning  ; Declared by entity but not connected by instance. Logic that only feeds a dangling port will be removed. ;
+-------------+--------+----------+----------------------------------------------------------------------------------------------------------+


+-----------------------------------------------------+
; Post-Synthesis Netlist Statistics for Top Partition ;
+-----------------------+-----------------------------+
; Type                  ; Count                       ;
+-----------------------+-----------------------------+
; boundary_port         ; 15                          ;
; cycloneiii_ff         ; 139                         ;
;     CLR               ; 19                          ;
;     ENA               ; 50                          ;
;     ENA CLR           ; 9                           ;
;     ENA CLR SLD       ; 4                           ;
;     SCLR              ; 29                          ;
;     SLD               ; 1                           ;
;     plain             ; 27                          ;
; cycloneiii_lcell_comb ; 234                         ;
;     arith             ; 46                          ;
;         2 data inputs ; 46                          ;
;     normal            ; 188                         ;
;         0 data inputs ; 1                           ;
;         1 data inputs ; 13                          ;
;         2 data inputs ; 22                          ;
;         3 data inputs ; 54                          ;
;         4 data inputs ; 98                          ;
;                       ;                             ;
; Max LUT depth         ; 6.00                        ;
; Average LUT depth     ; 2.59                        ;
+-----------------------+-----------------------------+


+-------------------------------+
; Elapsed Time Per Partition    ;
+----------------+--------------+
; Partition Name ; Elapsed Time ;
+----------------+--------------+
; Top            ; 00:00:00     ;
+----------------+--------------+


+-------------------------------+
; Analysis & Synthesis Messages ;
+-------------------------------+
Info: *******************************************************************
Info: Running Quartus Prime Analysis & Synthesis
    Info: Version 18.1.0 Build 625 09/12/2018 SJ Lite Edition
    Info: Processing started: Fri Oct 09 00:53:14 2020
Info: Command: quartus_map --read_settings_files=on --write_settings_files=off cyclone10-usb-seg-01 -c usb_seg_top
Warning (18236): Number of processors has not been specified which may cause overloading on shared machines.  Set the global assignment NUM_PARALLEL_PROCESSORS in your QSF to an appropriate value for best performance.
Info (20030): Parallel compilation is enabled and will use 6 of the 6 processors detected
Info (12021): Found 1 design units, including 1 entities, in source file src/usb_seg_top.v
    Info (12023): Found entity 1: usb_seg_top File: D:/Lab-Instrumentation/QMTECH_CYCLONE_10_STARTER_KIT_V01_20190717/Software/cyclone10-usb-seg-01/src/usb_seg_top.v Line: 3
Info (12021): Found 1 design units, including 1 entities, in source file src/smg_interface.v
    Info (12023): Found entity 1: smg_interface File: D:/Lab-Instrumentation/QMTECH_CYCLONE_10_STARTER_KIT_V01_20190717/Software/cyclone10-usb-seg-01/src/smg_interface.v Line: 5
Info (12021): Found 1 design units, including 1 entities, in source file src/smg_control_module.v
    Info (12023): Found entity 1: smg_control_module File: D:/Lab-Instrumentation/QMTECH_CYCLONE_10_STARTER_KIT_V01_20190717/Software/cyclone10-usb-seg-01/src/smg_control_module.v Line: 2
Info (12021): Found 1 design units, including 1 entities, in source file src/smg_scan_module.v
    Info (12023): Found entity 1: smg_scan_module File: D:/Lab-Instrumentation/QMTECH_CYCLONE_10_STARTER_KIT_V01_20190717/Software/cyclone10-usb-seg-01/src/smg_scan_module.v Line: 2
Info (12021): Found 1 design units, including 1 entities, in source file src/smg_encode_module.v
    Info (12023): Found entity 1: smg_encode_module File: D:/Lab-Instrumentation/QMTECH_CYCLONE_10_STARTER_KIT_V01_20190717/Software/cyclone10-usb-seg-01/src/smg_encode_module.v Line: 4
Info (12021): Found 1 design units, including 1 entities, in source file src/uart_control.v
    Info (12023): Found entity 1: uart_control File: D:/Lab-Instrumentation/QMTECH_CYCLONE_10_STARTER_KIT_V01_20190717/Software/cyclone10-usb-seg-01/src/uart_control.v Line: 2
Info (12021): Found 1 design units, including 1 entities, in source file src/binary_to_bcd.v
    Info (12023): Found entity 1: Binary_to_BCD File: D:/Lab-Instrumentation/QMTECH_CYCLONE_10_STARTER_KIT_V01_20190717/Software/cyclone10-usb-seg-01/src/Binary_to_BCD.v Line: 4
Info (12021): Found 1 design units, including 1 entities, in source file src/uart_rx_path.v
    Info (12023): Found entity 1: uart_rx_path File: D:/Lab-Instrumentation/QMTECH_CYCLONE_10_STARTER_KIT_V01_20190717/Software/cyclone10-usb-seg-01/src/uart_rx_path.v Line: 3
Warning (10335): Unrecognized synthesis attribute "MARKDEBUG" at src/uart_tx_path.v(17) File: D:/Lab-Instrumentation/QMTECH_CYCLONE_10_STARTER_KIT_V01_20190717/Software/cyclone10-usb-seg-01/src/uart_tx_path.v Line: 17
Warning (10335): Unrecognized synthesis attribute "MARKDEBUG" at src/uart_tx_path.v(18) File: D:/Lab-Instrumentation/QMTECH_CYCLONE_10_STARTER_KIT_V01_20190717/Software/cyclone10-usb-seg-01/src/uart_tx_path.v Line: 18
Info (12021): Found 1 design units, including 1 entities, in source file src/uart_tx_path.v
    Info (12023): Found entity 1: uart_tx_path File: D:/Lab-Instrumentation/QMTECH_CYCLONE_10_STARTER_KIT_V01_20190717/Software/cyclone10-usb-seg-01/src/uart_tx_path.v Line: 3
Warning (10222): Verilog HDL Parameter Declaration warning at Binary_to_BCD.v(17): Parameter Declaration in module "Binary_to_BCD" behaves as a Local Parameter Declaration because the module has a Module Parameter Port List File: D:/Lab-Instrumentation/QMTECH_CYCLONE_10_STARTER_KIT_V01_20190717/Software/cyclone10-usb-seg-01/src/Binary_to_BCD.v Line: 17
Warning (10222): Verilog HDL Parameter Declaration warning at Binary_to_BCD.v(18): Parameter Declaration in module "Binary_to_BCD" behaves as a Local Parameter Declaration because the module has a Module Parameter Port List File: D:/Lab-Instrumentation/QMTECH_CYCLONE_10_STARTER_KIT_V01_20190717/Software/cyclone10-usb-seg-01/src/Binary_to_BCD.v Line: 18
Warning (10222): Verilog HDL Parameter Declaration warning at Binary_to_BCD.v(19): Parameter Declaration in module "Binary_to_BCD" behaves as a Local Parameter Declaration because the module has a Module Parameter Port List File: D:/Lab-Instrumentation/QMTECH_CYCLONE_10_STARTER_KIT_V01_20190717/Software/cyclone10-usb-seg-01/src/Binary_to_BCD.v Line: 19
Warning (10222): Verilog HDL Parameter Declaration warning at Binary_to_BCD.v(20): Parameter Declaration in module "Binary_to_BCD" behaves as a Local Parameter Declaration because the module has a Module Parameter Port List File: D:/Lab-Instrumentation/QMTECH_CYCLONE_10_STARTER_KIT_V01_20190717/Software/cyclone10-usb-seg-01/src/Binary_to_BCD.v Line: 20
Warning (10222): Verilog HDL Parameter Declaration warning at Binary_to_BCD.v(21): Parameter Declaration in module "Binary_to_BCD" behaves as a Local Parameter Declaration because the module has a Module Parameter Port List File: D:/Lab-Instrumentation/QMTECH_CYCLONE_10_STARTER_KIT_V01_20190717/Software/cyclone10-usb-seg-01/src/Binary_to_BCD.v Line: 21
Warning (10222): Verilog HDL Parameter Declaration warning at Binary_to_BCD.v(22): Parameter Declaration in module "Binary_to_BCD" behaves as a Local Parameter Declaration because the module has a Module Parameter Port List File: D:/Lab-Instrumentation/QMTECH_CYCLONE_10_STARTER_KIT_V01_20190717/Software/cyclone10-usb-seg-01/src/Binary_to_BCD.v Line: 22
Critical Warning (10846): Verilog HDL Instantiation warning at uart_control.v(22): instance has no name File: D:/Lab-Instrumentation/QMTECH_CYCLONE_10_STARTER_KIT_V01_20190717/Software/cyclone10-usb-seg-01/src/uart_control.v Line: 22
Info (12127): Elaborating entity "usb_seg_top" for the top level hierarchy
Info (12128): Elaborating entity "uart_rx_path" for hierarchy "uart_rx_path:uart_rx_path_u" File: D:/Lab-Instrumentation/QMTECH_CYCLONE_10_STARTER_KIT_V01_20190717/Software/cyclone10-usb-seg-01/src/usb_seg_top.v Line: 22
Info (12128): Elaborating entity "uart_tx_path" for hierarchy "uart_tx_path:uart_tx_path_u" File: D:/Lab-Instrumentation/QMTECH_CYCLONE_10_STARTER_KIT_V01_20190717/Software/cyclone10-usb-seg-01/src/usb_seg_top.v Line: 29
Info (12128): Elaborating entity "uart_control" for hierarchy "uart_control:uart_control_u" File: D:/Lab-Instrumentation/QMTECH_CYCLONE_10_STARTER_KIT_V01_20190717/Software/cyclone10-usb-seg-01/src/usb_seg_top.v Line: 38
Info (12128): Elaborating entity "Binary_to_BCD" for hierarchy "uart_control:uart_control_u|Binary_to_BCD:comb_3" File: D:/Lab-Instrumentation/QMTECH_CYCLONE_10_STARTER_KIT_V01_20190717/Software/cyclone10-usb-seg-01/src/uart_control.v Line: 22
Warning (10230): Verilog HDL assignment warning at Binary_to_BCD.v(87): truncated value with size 32 to match size of target (8) File: D:/Lab-Instrumentation/QMTECH_CYCLONE_10_STARTER_KIT_V01_20190717/Software/cyclone10-usb-seg-01/src/Binary_to_BCD.v Line: 87
Warning (10230): Verilog HDL assignment warning at Binary_to_BCD.v(100): truncated value with size 32 to match size of target (4) File: D:/Lab-Instrumentation/QMTECH_CYCLONE_10_STARTER_KIT_V01_20190717/Software/cyclone10-usb-seg-01/src/Binary_to_BCD.v Line: 100
Warning (10230): Verilog HDL assignment warning at Binary_to_BCD.v(117): truncated value with size 32 to match size of target (3) File: D:/Lab-Instrumentation/QMTECH_CYCLONE_10_STARTER_KIT_V01_20190717/Software/cyclone10-usb-seg-01/src/Binary_to_BCD.v Line: 117
Info (12128): Elaborating entity "smg_interface" for hierarchy "smg_interface:smg_interface_u" File: D:/Lab-Instrumentation/QMTECH_CYCLONE_10_STARTER_KIT_V01_20190717/Software/cyclone10-usb-seg-01/src/usb_seg_top.v Line: 46
Info (12128): Elaborating entity "smg_control_module" for hierarchy "smg_interface:smg_interface_u|smg_control_module:U1" File: D:/Lab-Instrumentation/QMTECH_CYCLONE_10_STARTER_KIT_V01_20190717/Software/cyclone10-usb-seg-01/src/smg_interface.v Line: 24
Info (12128): Elaborating entity "smg_encode_module" for hierarchy "smg_interface:smg_interface_u|smg_encode_module:U2" File: D:/Lab-Instrumentation/QMTECH_CYCLONE_10_STARTER_KIT_V01_20190717/Software/cyclone10-usb-seg-01/src/smg_interface.v Line: 34
Info (12128): Elaborating entity "smg_scan_module" for hierarchy "smg_interface:smg_interface_u|smg_scan_module:U3" File: D:/Lab-Instrumentation/QMTECH_CYCLONE_10_STARTER_KIT_V01_20190717/Software/cyclone10-usb-seg-01/src/smg_interface.v Line: 43
Warning (12241): 1 hierarchies have connectivity warnings - see the Connectivity Checks report folder
Info (13000): Registers with preset signals will power-up high File: D:/Lab-Instrumentation/QMTECH_CYCLONE_10_STARTER_KIT_V01_20190717/Software/cyclone10-usb-seg-01/src/smg_encode_module.v Line: 29
Info (13003): DEV_CLRn pin will set, and not reset, register with preset signal due to NOT Gate Push-Back
Warning (13024): Output pins are stuck at VCC or GND
    Warning (13410): Pin "smg_data[7]" is stuck at VCC File: D:/Lab-Instrumentation/QMTECH_CYCLONE_10_STARTER_KIT_V01_20190717/Software/cyclone10-usb-seg-01/src/usb_seg_top.v Line: 8
Info (286030): Timing-Driven Synthesis is running
Info (17049): 3 registers lost all their fanouts during netlist optimizations.
Info (144001): Generated suppressed messages file D:/Lab-Instrumentation/QMTECH_CYCLONE_10_STARTER_KIT_V01_20190717/Software/cyclone10-usb-seg-01/output_files/usb_seg_top.map.smsg
Info (16010): Generating hard_block partition "hard_block:auto_generated_inst"
    Info (16011): Adding 0 node(s), including 0 DDIO, 0 PLL, 0 transceiver and 0 LCELL
Info (21057): Implemented 258 device resources after synthesis - the final resource count might be different
    Info (21058): Implemented 3 input pins
    Info (21059): Implemented 12 output pins
    Info (21061): Implemented 243 logic cells
Info: Quartus Prime Analysis & Synthesis was successful. 0 errors, 16 warnings
    Info: Peak virtual memory: 4777 megabytes
    Info: Processing ended: Fri Oct 09 00:53:24 2020
    Info: Elapsed time: 00:00:10
    Info: Total CPU time (on all processors): 00:00:19


+------------------------------------------+
; Analysis & Synthesis Suppressed Messages ;
+------------------------------------------+
The suppressed messages can be found in D:/Lab-Instrumentation/QMTECH_CYCLONE_10_STARTER_KIT_V01_20190717/Software/cyclone10-usb-seg-01/output_files/usb_seg_top.map.smsg.


